<?xml version="1.0" encoding="UTF-8"?>
<!-- Generated by org.testng.reporters.JUnitReportReporter -->
<testsuite hostname="DESKTOP-RK351ID" failures="0" tests="6" name="com.tests.GetAPITest" time="11.458" errors="0" timestamp="2019-09-25T21:39:49 CDT" skipped="0">
  <testcase classname="com.tests.GetAPITest" name="validateResultIsNotNull" time="1.018"/>
  <testcase classname="com.tests.GetAPITest" name="validateStatus" time="0.950"/>
  <testcase classname="com.tests.GetAPITest" name="validateNameIsNotNull" time="3.709"/>
  <testcase classname="com.tests.GetAPITest" name="validatePageInvalid" time="0.712"/>
  <testcase classname="com.tests.GetAPITest" name="validateResultIsNotMoreThan10" time="4.048"/>
  <testcase classname="com.tests.GetAPITest" name="validateCount" time="1.021"/>
</testsuite> <!-- com.tests.GetAPITest -->
