<?xml version="1.0" encoding="UTF-8"?>
<!-- Generated by org.testng.reporters.JUnitReportReporter -->
<testsuite hostname="DESKTOP-RK351ID" failures="0" tests="6" name="com.tests.GetAPIByID" time="7.730" errors="0" timestamp="2019-09-25T21:39:49 CDT" skipped="0">
  <testcase classname="com.tests.GetAPIByID" name="validateUrlData" time="0.967"/>
  <testcase classname="com.tests.GetAPIByID" name="validateStatus" time="1.461"/>
  <testcase classname="com.tests.GetAPIByID" name="validateMandatoryFields" time="0.722"/>
  <testcase classname="com.tests.GetAPIByID" name="validateIDNotAvailable" time="1.937"/>
  <testcase classname="com.tests.GetAPIByID" name="validateIDWithInvalid" time="1.637"/>
  <testcase classname="com.tests.GetAPIByID" name="validateNameIsNotNull" time="1.006"/>
</testsuite> <!-- com.tests.GetAPIByID -->
